Compile Report
Microsemi Corporation - Microsemi Libero Software Release v11.7 SP2 (Version 11.7.2.2)
Date: Tue Feb 07 17:40:27 2017

Device Selection
+--------------------------------+----------------+
| Family                         | SmartFusion2   |
| Device                         | M2S090         |
| Package                        | 484 FBGA       |
| Speed Grade                    | -1             |
| Temp                           | 0:25:85        |
| Voltage                        | 1.26:1.20:1.14 |
| Core Voltage                   | 1.2V           |
| Ramp Rate                      | 100ms Minimum  |
| System Controller Suspend Mode | No             |
| PLL Supply Voltage             | 3.3V           |
| Default I/O technology         | LVCMOS 2.5V    |
| Restrict Probe Pins            | Yes            |
| Restrict SPI Pins              | No             |
+--------------------------------+----------------+

Source Files
+---------+--------------------------------------------------------------------------+
| Topcell | Top                                                                      |
| Format  | EDIF                                                                     |
| Source  | C:\Users\Hiperwall\Desktop\microsemilab\box\synthesis\Top.edn            |
| Source  | C:\Users\Hiperwall\Desktop\microsemilab\box\constraint\io\Fabric_Top.pdc |
+---------+--------------------------------------------------------------------------+

Options
+---------------------------------------------------------+-------+
| Merge User SDC file(s) with Existing Timing Constraints | true  |
| Abort Compile if errors are found in PDC file(s)        | true  |
| Enable Single Event Transient mitigation                | false |
| Enable Design Separation Methodology                    | false |
| Limit the number of high fanout nets to display to      | 10    |
+---------------------------------------------------------+-------+

Resource Usage
+---------------------------+------+-------+------------+
| Type                      | Used | Total | Percentage |
+---------------------------+------+-------+------------+
| 4LUT                      | 41   | 86184 | 0.05       |
| DFF                       | 23   | 86184 | 0.03       |
| I/O Register              | 0    | 795   | 0.00       |
| User I/O                  | 3    | 265   | 1.13       |
| -- Single-ended I/O       | 3    | 265   | 1.13       |
| -- Differential I/O Pairs | 0    | 132   | 0.00       |
| RAM64x18                  | 0    | 112   | 0.00       |
| RAM1K18                   | 0    | 109   | 0.00       |
| MACC                      | 0    | 84    | 0.00       |
| Chip Globals              | 3    | 16    | 18.75      |
| CCC                       | 1    | 6     | 16.67      |
| RCOSC_25_50MHZ            | 1    | 1     | 100.00     |
| RCOSC_1MHZ                | 0    | 1     | 0.00       |
| XTLOSC                    | 0    | 1     | 0.00       |
| MSS                       | 0    | 1     | 0.00       |
+---------------------------+------+-------+------------+

Detailed Logic Resource Usage
+--------------------------+------+-----+
| Type                     | 4LUT | DFF |
+--------------------------+------+-----+
| Fabric Logic             | 41   | 23  |
| RAM64x18 Interface Logic | 0    | 0   |
| RAM1K18 Interface Logic  | 0    | 0   |
| MACC Interface Logic     | 0    | 0   |
| Total Used               | 41   | 23  |
+--------------------------+------+-----+

Detailed Carry Chains Resource Usage
+--------+------+
| Length | Used |
| 18     | 1    |
| 19     | 1    |
| Total  | 2    |
+--------+------+

I/O Function
+-------------------------------+--------------+-------------+-----------------+
| Type                          | w/o register | w/ register | w/ DDR register |
+-------------------------------+--------------+-------------+-----------------+
| Input I/O                     | 1            | 0           | 0               |
| Output I/O                    | 2            | 0           | 0               |
| Bidirectional I/O             | 0            | 0           | 0               |
| Differential Input I/O Pairs  | 0            | 0           | 0               |
| Differential Output I/O Pairs | 0            | 0           | 0               |
+-------------------------------+--------------+-------------+-----------------+

I/O Technology
+--------------+--------+------+-------+--------+---------------+
| I/O Standard | Vddi   | Vref | Input | Output | Bidirectional |
+--------------+--------+------+-------+--------+---------------+
| LVCMOS33     |  3.30v |  N/A |  1    |  2     |  0            |
+--------------+--------+------+-------+--------+---------------+

I/O Placement
+----------+-------+------------+
| Type     | Count | Percentage |
+----------+-------+------------+
| Locked   |  3    | 100.00%    |
| Placed   |  0    | 0.00%      |
| UnPlaced |  0    | 0.00%      |
+----------+-------+------------+

Nets assigned to chip global resources
+--------+---------+---------------------------------------------------------------+
| Fanout | Type    | Name                                                          |
+--------+---------+---------------------------------------------------------------+
| 23     | INT_NET | Net   : AND2_0_Y                                              |
|        |         | Driver: AND2_0_RNIKOS1/U0_RGB1                                |
|        |         | Source: NETLIST                                               |
| 21     | INT_NET | Net   : FCCC_0_GL0                                            |
|        |         | Driver: FCCC_0/GL0_INST/U0_RGB1                               |
|        |         | Source: NETLIST                                               |
| 2      | INT_NET | Net   : LED_ctrl_0/counter[17]                                |
|        |         | Driver: LED_ctrl_0/counter_inferred_clock_RNIVA6D[17]/U0_RGB1 |
|        |         | Source: NETLIST                                               |
+--------+---------+---------------------------------------------------------------+

Nets assigned to row global resources
+--------+------+------+
| Fanout | Type | Name |
+--------+------+------+
+--------+------+------+

High fanout nets
+--------+---------+----------------------------------+
| Fanout | Type    | Name                             |
+--------+---------+----------------------------------+
| 3      | INT_NET | Net   : AND2_0                   |
|        |         | Driver: AND2_0                   |
| 3      | INT_NET | Net   : LED_ctrl_0/counter_0[17] |
|        |         | Driver: LED_ctrl_0/counter[17]   |
| 3      | INT_NET | Net   : LED_ctrl_0/counter[0]    |
|        |         | Driver: LED_ctrl_0/counter[0]    |
| 3      | INT_NET | Net   : LED_ctrl_0/counter[18]   |
|        |         | Driver: LED_ctrl_0/counter[18]   |
| 2      | INT_NET | Net   : LED_ctrl_0/counter[6]    |
|        |         | Driver: LED_ctrl_0/counter[6]    |
| 2      | INT_NET | Net   : LED_ctrl_0/counter[7]    |
|        |         | Driver: LED_ctrl_0/counter[7]    |
| 2      | INT_NET | Net   : LED_ctrl_0/counter[8]    |
|        |         | Driver: LED_ctrl_0/counter[8]    |
| 2      | INT_NET | Net   : LED_ctrl_0/counter[9]    |
|        |         | Driver: LED_ctrl_0/counter[9]    |
| 2      | INT_NET | Net   : LED_ctrl_0/counter[10]   |
|        |         | Driver: LED_ctrl_0/counter[10]   |
| 2      | INT_NET | Net   : LED_ctrl_0/counter[11]   |
|        |         | Driver: LED_ctrl_0/counter[11]   |
+--------+---------+----------------------------------+

High fanout nets (through buffer trees)
+--------+---------+----------------------------------+
| Fanout | Type    | Name                             |
+--------+---------+----------------------------------+
| 3      | INT_NET | Net   : AND2_0                   |
|        |         | Driver: AND2_0                   |
| 3      | INT_NET | Net   : LED_ctrl_0/counter_0[17] |
|        |         | Driver: LED_ctrl_0/counter[17]   |
| 3      | INT_NET | Net   : LED_ctrl_0/counter[0]    |
|        |         | Driver: LED_ctrl_0/counter[0]    |
| 3      | INT_NET | Net   : LED_ctrl_0/counter[18]   |
|        |         | Driver: LED_ctrl_0/counter[18]   |
| 2      | INT_NET | Net   : LED_ctrl_0/counter[6]    |
|        |         | Driver: LED_ctrl_0/counter[6]    |
| 2      | INT_NET | Net   : LED_ctrl_0/counter[7]    |
|        |         | Driver: LED_ctrl_0/counter[7]    |
| 2      | INT_NET | Net   : LED_ctrl_0/counter[8]    |
|        |         | Driver: LED_ctrl_0/counter[8]    |
| 2      | INT_NET | Net   : LED_ctrl_0/counter[9]    |
|        |         | Driver: LED_ctrl_0/counter[9]    |
| 2      | INT_NET | Net   : LED_ctrl_0/counter[10]   |
|        |         | Driver: LED_ctrl_0/counter[10]   |
| 2      | INT_NET | Net   : LED_ctrl_0/counter[11]   |
|        |         | Driver: LED_ctrl_0/counter[11]   |
+--------+---------+----------------------------------+

